<?xml version="1.0" encoding="UTF-8"?>
<coverage generated="1485403135">
  <project timestamp="1485403135">
    <file name="/Users/samsonasik/www/GithubModules/ForceHttpsModule/src/Listener/ForceHttps.php">
      <line num="24" type="stmt" count="13"/>
      <line num="34" type="stmt" count="2"/>
      <line num="37" type="stmt" count="1"/>
      <line num="59" type="stmt" count="2"/>
      <line num="60" type="stmt" count="2"/>
      <line num="65" type="stmt" count="1"/>
      <line num="66" type="stmt" count="1"/>
      <line num="81" type="stmt" count="5"/>
      <line num="84" type="stmt" count="3"/>
      <line num="95" type="stmt" count="8"/>
      <line num="97" type="stmt" count="8"/>
      <line num="99" type="stmt" count="8"/>
      <line num="100" type="stmt" count="8"/>
      <line num="102" type="stmt" count="8"/>
      <line num="104" type="stmt" count="5"/>
      <line num="108" type="stmt" count="3"/>
      <line num="109" type="stmt" count="3"/>
      <line num="112" type="stmt" count="3"/>
      <line num="114" type="stmt" count="3"/>
      <line num="115" type="stmt" count="3"/>
      <line num="127" type="stmt" count="8"/>
      <line num="144" type="stmt" count="1"/>
      <line num="147" type="stmt" count="7"/>
    </file>
    <file name="/Users/samsonasik/www/GithubModules/ForceHttpsModule/src/Listener/ForceHttpsFactory.php">
      <line num="9" type="stmt" count="2"/>
      <line num="13" type="stmt" count="1"/>
      <line num="14" type="stmt" count="1"/>
      <line num="17" type="stmt" count="1"/>
    </file>
    <file name="/Users/samsonasik/www/GithubModules/ForceHttpsModule/src/Module.php">
      <line num="9" type="stmt" count="1"/>
    </file>
    <metrics loc="182" ncloc="154" statements="28" coveredstatements="28"/>
  </project>
</coverage>
